<?xml version="1.0" encoding="UTF-8"?>
<testng-results skipped="0" failed="0" ignored="0" total="1" passed="1">
  <reporter-output>
  </reporter-output>
  <suite name="Default suite" duration-ms="2909" started-at="2020-04-19T14:10:25 IST" finished-at="2020-04-19T14:10:28 IST">
    <groups>
    </groups>
    <test name="Default test" duration-ms="2909" started-at="2020-04-19T14:10:25 IST" finished-at="2020-04-19T14:10:28 IST">
      <class name="restAssuredHandsOn.APIAutoTest">
        <test-method status="PASS" signature="testAPI()[pri:0, instance:restAssuredHandsOn.APIAutoTest@60285225]" name="testAPI" duration-ms="2846" started-at="2020-04-19T14:10:25 IST" finished-at="2020-04-19T14:10:28 IST">
          <reporter-output>
          </reporter-output>
        </test-method> <!-- testAPI -->
      </class> <!-- restAssuredHandsOn.APIAutoTest -->
    </test> <!-- Default test -->
  </suite> <!-- Default suite -->
</testng-results>
