<?xml version="1.0" encoding="UTF-8"?>
<testng-results skipped="0" failed="0" ignored="0" total="1" passed="1">
  <reporter-output>
  </reporter-output>
  <suite name="Default suite" duration-ms="118481" started-at="2018-05-16T16:46:16Z" finished-at="2018-05-16T16:48:14Z">
    <groups>
    </groups>
    <test name="Default test" duration-ms="118481" started-at="2018-05-16T16:46:16Z" finished-at="2018-05-16T16:48:14Z">
      <class name="clearTrip_TestClass.DriverScript">
        <test-method status="PASS" signature="start()[pri:0, instance:clearTrip_TestClass.DriverScript@2f7298b]" name="start" is-config="true" duration-ms="47904" started-at="2018-05-16T16:45:28Z" finished-at="2018-05-16T16:46:16Z">
          <reporter-output>
          </reporter-output>
        </test-method> <!-- start -->
        <test-method status="PASS" signature="roundTripFlightSearch()[pri:0, instance:clearTrip_TestClass.DriverScript@2f7298b]" name="roundTripFlightSearch" duration-ms="118381" started-at="2018-05-16T16:46:16Z" finished-at="2018-05-16T16:48:14Z">
          <reporter-output>
          </reporter-output>
        </test-method> <!-- roundTripFlightSearch -->
        <test-method status="PASS" signature="close()[pri:0, instance:clearTrip_TestClass.DriverScript@2f7298b]" name="close" is-config="true" duration-ms="1367" started-at="2018-05-16T16:48:14Z" finished-at="2018-05-16T16:48:16Z">
          <reporter-output>
          </reporter-output>
        </test-method> <!-- close -->
      </class> <!-- clearTrip_TestClass.DriverScript -->
    </test> <!-- Default test -->
  </suite> <!-- Default suite -->
</testng-results>
